20230323	18:24:43	6dacf0bc-c3f7-43f3-bd8e-993455572ca4	SyntaxError: Unexpected end of JSON input	POST	/auth	undefined
20230323	18:25:14	ac2f6b65-e5cb-4899-9bf1-5b243f81b23f	SyntaxError: Unexpected end of JSON input	POST	/auth	undefined
20230323	18:29:31	9ec2f9f7-6c99-4320-9976-5cc1f131f8c0	SyntaxError: Unexpected string in JSON at position 50	POST	/users	undefined
20230324	21:56:57	dae5c65e-e346-4a30-929f-02d6b5fa90a0	Error: passport.initialize() middleware not in use	GET	/auth/google/callback?code=4%2F0AVHEtk4OEX8_ZpNbjf90j-rH8ZRiTWJURN9GdQyOO2IjI8TRT0AX85rOjN77U2C5W4iruQ&scope=profile+https%3A%2F%2Fwww.googleapis.com%2Fauth%2Fuserinfo.profile	undefined
20230324	21:57:18	f1b93902-5151-4985-9aa8-03f47d2dec87	Error: passport.initialize() middleware not in use	GET	/auth/google/callback?code=4/0AVHEtk7P1NAI0kuCHlpP1rMvfvxgijqL5tZToItohgfr0WRC_JtX4Ni7TvYTYFepOOVZeQ&scope=profile%20https://www.googleapis.com/auth/userinfo.profile	undefined
20230324	22:00:09	edb68822-76c8-4bd2-94b6-b77bbf3798cc	Error: passport.initialize() middleware not in use	GET	/auth/google/callback?code=4%2F0AVHEtk5MzIIfOL240XVVxPbJzVO7pqPXzr4e7zJJmtBy6aqoOTja4dCR-1XdsEI87pR2sQ&scope=profile+https%3A%2F%2Fwww.googleapis.com%2Fauth%2Fuserinfo.profile	undefined
20230324	22:03:10	be15f54b-73ec-4b30-a6b4-30fade0182ae	Error: passport.initialize() middleware not in use	GET	/auth/google/callback?code=4%2F0AVHEtk7S_eM_p53fSV2k9239fq_8po3qTAWasYHYZqYvD7qmaAtRLPhKuuApzpcZlrr60g&scope=profile+https%3A%2F%2Fwww.googleapis.com%2Fauth%2Fuserinfo.profile	undefined
20230324	22:04:01	52591fe9-071e-48c4-b565-53425cf0b41f	TokenError: Bad Request	GET	/auth/google/callback?code=4%2F0AVHEtk7S_eM_p53fSV2k9239fq_8po3qTAWasYHYZqYvD7qmaAtRLPhKuuApzpcZlrr60g&scope=profile+https%3A%2F%2Fwww.googleapis.com%2Fauth%2Fuserinfo.profile	undefined
20230324	22:05:27	c5174400-91af-4cf4-b490-8127431f167c	TokenError: Bad Request	GET	/auth/google/callback?code=4%2F0AVHEtk7S_eM_p53fSV2k9239fq_8po3qTAWasYHYZqYvD7qmaAtRLPhKuuApzpcZlrr60g&scope=profile+https%3A%2F%2Fwww.googleapis.com%2Fauth%2Fuserinfo.profile	undefined
20230324	22:05:36	e3c397db-a260-479e-bdd1-101115363c54	Error: passport.initialize() middleware not in use	GET	/auth/google/callback?code=4%2F0AVHEtk53yhESoeepe6CHcyeRKFokpIDQa_aWjyg3HxJDMWCWu-Ho0SKCVIKPL_-mhw1cBA&scope=profile+https%3A%2F%2Fwww.googleapis.com%2Fauth%2Fuserinfo.profile	undefined
20230324	22:05:57	969df320-c632-4099-b4a8-1871c1a0c6bd	TokenError: Bad Request	GET	/auth/google/callback?code=4%2F0AVHEtk53yhESoeepe6CHcyeRKFokpIDQa_aWjyg3HxJDMWCWu-Ho0SKCVIKPL_-mhw1cBA&scope=profile+https%3A%2F%2Fwww.googleapis.com%2Fauth%2Fuserinfo.profile	undefined
20230324	22:06:24	5a9f9b51-8a25-4e13-8d3f-58f8be162038	TokenError: Bad Request	GET	/auth/google/callback?code=4%2F0AVHEtk53yhESoeepe6CHcyeRKFokpIDQa_aWjyg3HxJDMWCWu-Ho0SKCVIKPL_-mhw1cBA&scope=profile+https%3A%2F%2Fwww.googleapis.com%2Fauth%2Fuserinfo.profile	undefined
20230324	22:06:26	3cb5b303-d952-49b8-ae93-674a14532856	TokenError: Bad Request	GET	/auth/google/callback?code=4%2F0AVHEtk53yhESoeepe6CHcyeRKFokpIDQa_aWjyg3HxJDMWCWu-Ho0SKCVIKPL_-mhw1cBA&scope=profile+https%3A%2F%2Fwww.googleapis.com%2Fauth%2Fuserinfo.profile	undefined
20230324	22:09:02	54e01081-0951-4730-85af-39dfb2c73cf9	TokenError: Bad Request	GET	/auth/google/callback?code=4%2F0AVHEtk53yhESoeepe6CHcyeRKFokpIDQa_aWjyg3HxJDMWCWu-Ho0SKCVIKPL_-mhw1cBA&scope=profile+https%3A%2F%2Fwww.googleapis.com%2Fauth%2Fuserinfo.profile	undefined
20230324	22:09:16	fd5f94fd-a753-46a9-99ce-aeba75ff07e0	Error: passport.initialize() middleware not in use	GET	/auth/google/callback?code=4%2F0AVHEtk7vbWVPCLxkb-GTgpxMm_8O24YmaH10SLPIdtwNYk30Utd11YfEOZkanfdHXF-ONA&scope=profile+https%3A%2F%2Fwww.googleapis.com%2Fauth%2Fuserinfo.profile	undefined
20230324	22:09:16	46c5441e-c076-40b7-85e9-5c4858374a5f	Error: passport.initialize() middleware not in use	GET	/favicon.ico	undefined
20230324	22:09:48	51d73e91-e89c-44fe-9325-23c6ca282e6d	TokenError: Bad Request	GET	/auth/google/callback?code=4%2F0AVHEtk7vbWVPCLxkb-GTgpxMm_8O24YmaH10SLPIdtwNYk30Utd11YfEOZkanfdHXF-ONA&scope=profile+https%3A%2F%2Fwww.googleapis.com%2Fauth%2Fuserinfo.profile	undefined
20230325	01:36:07	dd4caa3e-7328-4f3a-9768-110605760022	Too Many Requests: Too many login attempts from this IP, please try again after a 60 second pause	POST	/	http://localhost:3000
20230325	01:36:07	0803200a-ae8e-4072-b84a-58e2631112de	Too Many Requests: Too many login attempts from this IP, please try again after a 60 second pause	POST	/	http://localhost:3000
20230325	01:36:07	16df732c-9ab8-4714-8f3d-e4cdb7866dce	Too Many Requests: Too many login attempts from this IP, please try again after a 60 second pause	POST	/	http://localhost:3000
20230325	01:36:07	9275b6c0-bf1f-4c59-b2c1-ccd5347cdaed	Too Many Requests: Too many login attempts from this IP, please try again after a 60 second pause	POST	/	http://localhost:3000
20230325	01:36:08	e186e3ca-dc63-4bf1-a2fc-a4406faccf8f	Too Many Requests: Too many login attempts from this IP, please try again after a 60 second pause	POST	/	http://localhost:3000
20230325	01:36:08	db7887bb-21ff-4c0f-a200-552a7a4ca10f	Too Many Requests: Too many login attempts from this IP, please try again after a 60 second pause	POST	/	http://localhost:3000
20230325	01:37:01	57856861-e9d6-4f56-b94a-c6e5141fa6ca	Too Many Requests: Too many login attempts from this IP, please try again after a 60 second pause	POST	/	http://localhost:3000
20230325	11:31:16	281f7742-02b2-48c7-8788-fc201faf2b7b	Too Many Requests: Too many login attempts from this IP, please try again after a 60 second pause	POST	/	http://localhost:3000
20230325	11:31:17	bb856f6c-7bee-4dbe-acb0-6927d3fdac07	Too Many Requests: Too many login attempts from this IP, please try again after a 60 second pause	POST	/	http://localhost:3000
20230325	11:31:34	a003bec4-7c72-42ad-89a4-7be0d6141268	Too Many Requests: Too many login attempts from this IP, please try again after a 60 second pause	POST	/	http://localhost:3000
20230325	11:31:36	f01336b1-7c3e-4148-b344-4bfb4fb9bf3c	Too Many Requests: Too many login attempts from this IP, please try again after a 60 second pause	POST	/	http://localhost:3000
20230325	11:31:36	b42ebd61-49f5-45c8-8399-9980fb67fb2f	Too Many Requests: Too many login attempts from this IP, please try again after a 60 second pause	POST	/	http://localhost:3000
20230325	12:31:29	8c7967c2-95d2-4ede-b325-3261b2ee8428	Too Many Requests: Too many login attempts from this IP, please try again after a 60 second pause	POST	/	http://localhost:3000
20230325	12:31:29	0decfa7f-8c27-4dbe-80c7-ed04e76743c3	Too Many Requests: Too many login attempts from this IP, please try again after a 60 second pause	POST	/	http://localhost:3000
20230325	12:31:30	b51c6bab-acf5-45b2-9fd7-7ccf369ff64d	Too Many Requests: Too many login attempts from this IP, please try again after a 60 second pause	POST	/	http://localhost:3000
20230325	12:31:31	3c02432b-0074-4fac-beae-ae337773ff8a	Too Many Requests: Too many login attempts from this IP, please try again after a 60 second pause	POST	/	http://localhost:3000
20230325	16:38:03	404d66cf-974a-41e0-8176-b4967ac6117e	SyntaxError: Unexpected token } in JSON at position 9	POST	/users	undefined
20230325	21:34:25	286affe8-522f-45f6-9027-cba82e373a65	Too Many Requests: Too many login attempts from this IP, please try again after a 60 second pause	POST	/	http://localhost:3000
20230325	22:53:37	0955ed1b-393c-443b-9a68-98f9b6f8158b	Too Many Requests: Too many login attempts from this IP, please try again after a 60 second pause	POST	/	http://localhost:3000
20230325	22:53:37	8da9b2f8-4430-4e49-a025-20ef2b4e68c8	Too Many Requests: Too many login attempts from this IP, please try again after a 60 second pause	POST	/	http://localhost:3000
20230325	22:53:38	3835f0e0-5731-4fb7-b256-5103c0afdd60	Too Many Requests: Too many login attempts from this IP, please try again after a 60 second pause	POST	/	http://localhost:3000
20230325	22:53:38	43d84be4-2cd9-4ea5-b6ee-63f2d6cec8da	Too Many Requests: Too many login attempts from this IP, please try again after a 60 second pause	POST	/	http://localhost:3000
20230325	22:53:38	c2d00c4e-50b7-49de-bd98-90822f6e6359	Too Many Requests: Too many login attempts from this IP, please try again after a 60 second pause	POST	/	http://localhost:3000
20230325	22:54:01	9d6b409c-64f3-46b5-978e-99611ecc1b27	Too Many Requests: Too many login attempts from this IP, please try again after a 60 second pause	POST	/	http://localhost:3000
20230327	17:58:59	24549bed-abce-4ea0-8463-a0fea4f95552	ReferenceError: sessionStorage is not defined	GET	/auth/google/callback?code=4%2F0AVHEtk4fwXm8I6fIuc8nNhl3dW5MOO14pai8Q5NE-RoTW4YLQimabcZg7KEcBKoQVPfhSQ&scope=profile+https%3A%2F%2Fwww.googleapis.com%2Fauth%2Fuserinfo.profile	undefined
20230327	18:02:29	9b1dbbee-d1db-4eaf-84db-cdad48b6fcb9	TokenError: Bad Request	GET	/auth/google/callback?code=4%2F0AVHEtk4fwXm8I6fIuc8nNhl3dW5MOO14pai8Q5NE-RoTW4YLQimabcZg7KEcBKoQVPfhSQ&scope=profile+https%3A%2F%2Fwww.googleapis.com%2Fauth%2Fuserinfo.profile	undefined
20230327	18:03:06	5e1edbbe-51f9-4d13-a2b7-85e5c7ea969d	TokenError: Bad Request	GET	/auth/google/callback?code=4%2F0AVHEtk4fwXm8I6fIuc8nNhl3dW5MOO14pai8Q5NE-RoTW4YLQimabcZg7KEcBKoQVPfhSQ&scope=profile+https%3A%2F%2Fwww.googleapis.com%2Fauth%2Fuserinfo.profile	undefined
20230327	18:03:17	bee30190-0dfd-4adc-a1fb-80840aa08a6d	ReferenceError: sessionStorage is not defined	GET	/auth/google/callback?code=4%2F0AVHEtk5B3zQPTYBwS9amaHG3pn1gAlVXPX7iTpQNLDgionT3Xy5XBMRyY0bTWmkZgrsP0A&scope=profile+https%3A%2F%2Fwww.googleapis.com%2Fauth%2Fuserinfo.profile	undefined
20230327	18:05:59	29ebe514-e109-4bc8-80a3-1fb50a08eac1	TokenError: Bad Request	GET	/auth/google/callback?code=4%2F0AVHEtk5B3zQPTYBwS9amaHG3pn1gAlVXPX7iTpQNLDgionT3Xy5XBMRyY0bTWmkZgrsP0A&scope=profile+https%3A%2F%2Fwww.googleapis.com%2Fauth%2Fuserinfo.profile	undefined
20230327	18:07:28	77bb2597-0265-4095-a923-f0100ed1cebe	TokenError: Bad Request	GET	/auth/google/callback?code=4%2F0AVHEtk5B3zQPTYBwS9amaHG3pn1gAlVXPX7iTpQNLDgionT3Xy5XBMRyY0bTWmkZgrsP0A&scope=profile+https%3A%2F%2Fwww.googleapis.com%2Fauth%2Fuserinfo.profile	undefined
20230327	21:43:24	c69d000b-4ec5-4cf4-9555-7ac92aff3650	ReferenceError: foundUser is not defined	GET	/auth/login/success	http://localhost:3000
20230405	15:57:18	39ae62ae-2165-4cb5-b63f-f136bc00e4be	SyntaxError: Unexpected token H in JSON at position 6	POST	/chat	undefined
20230405	23:55:36	d3af9abd-0756-4184-bb9f-0fdfac3f27ef	InternalOAuthError: Failed to obtain access token	GET	/auth/google/callback?code=4%2F0AVHEtk7XgvHoRhD1gZrmjrjTeppsunPOkrAxhLpp4xy72Ft4ObxUoh7LtnUWEMk1idjv3Q&scope=email+profile+https%3A%2F%2Fwww.googleapis.com%2Fauth%2Fuserinfo.profile+https%3A%2F%2Fwww.googleapis.com%2Fauth%2Fuserinfo.email+openid&authuser=0&hd=esprit.tn&prompt=consent	undefined
20230406	00:34:03	476e0336-6a37-4001-bb44-99fe97150b00	Too Many Requests: Too many login attempts from this IP, please try again after a 60 second pause	POST	/	http://localhost:3000
20230406	00:34:32	f500ebc6-ad15-4c2f-8268-90b0024429ac	Too Many Requests: Too many login attempts from this IP, please try again after a 60 second pause	POST	/	http://localhost:3000
20230406	00:34:33	11c31a3a-c5af-4ce7-9b14-c34d5624f98b	Too Many Requests: Too many login attempts from this IP, please try again after a 60 second pause	POST	/	http://localhost:3000
20230406	00:34:34	544b3c89-7583-4343-b705-d211bc4a0573	Too Many Requests: Too many login attempts from this IP, please try again after a 60 second pause	POST	/	http://localhost:3000
20230406	00:34:35	f39dc752-65cb-4f45-b5ae-45dc5cfc3a53	Too Many Requests: Too many login attempts from this IP, please try again after a 60 second pause	POST	/	http://localhost:3000
20230406	00:35:36	03c13ba8-df6b-42d9-8db1-ea4a765ae43d	Too Many Requests: Too many login attempts from this IP, please try again after a 60 second pause	POST	/	http://localhost:3000
20230406	00:35:36	9c1d1adf-6a10-4070-9e8b-aa7c06a5e25a	Too Many Requests: Too many login attempts from this IP, please try again after a 60 second pause	POST	/	http://localhost:3000
20230406	00:35:36	d2a8d3b5-e9bf-47f9-bdf7-167d172ba361	Too Many Requests: Too many login attempts from this IP, please try again after a 60 second pause	POST	/	http://localhost:3000
20230406	00:35:36	b3454dcc-7e6c-4afe-a34d-45226aa1267e	Too Many Requests: Too many login attempts from this IP, please try again after a 60 second pause	POST	/	http://localhost:3000
20230406	00:35:36	6fe8c18d-33ae-45de-98b0-9de1c4e51fb1	Too Many Requests: Too many login attempts from this IP, please try again after a 60 second pause	POST	/	http://localhost:3000
20230406	00:35:36	21fbef1b-9ffc-40a2-9394-14fa5038edf8	Too Many Requests: Too many login attempts from this IP, please try again after a 60 second pause	POST	/	http://localhost:3000
20230406	00:35:36	44b2d8e3-4bb0-42bd-ad78-b5b779143781	Too Many Requests: Too many login attempts from this IP, please try again after a 60 second pause	POST	/	http://localhost:3000
20230406	00:35:36	eb5f037a-a925-4282-82f4-75b671a174ec	Too Many Requests: Too many login attempts from this IP, please try again after a 60 second pause	POST	/	http://localhost:3000
20230406	00:36:06	87f7ec03-483d-4472-881f-41f95808aec5	Too Many Requests: Too many login attempts from this IP, please try again after a 60 second pause	POST	/	http://localhost:3000
20230412	20:34:41	5219e7c7-2731-4888-8ba7-532b27f938a8	Too Many Requests: Too many login attempts from this IP, please try again after a 60 second pause	POST	/	http://localhost:3000
20230412	20:34:41	ba081a2c-ca14-433d-bf67-02c8dc3aa63e	Too Many Requests: Too many login attempts from this IP, please try again after a 60 second pause	POST	/	http://localhost:3000
20230412	20:34:41	7998d349-f644-41d9-bd2c-e7c7426d5a56	Too Many Requests: Too many login attempts from this IP, please try again after a 60 second pause	POST	/	http://localhost:3000
20230412	20:34:41	1366bd1b-9bcf-40ae-8a56-17e34d63f4bf	Too Many Requests: Too many login attempts from this IP, please try again after a 60 second pause	POST	/	http://localhost:3000
20230412	20:34:42	914a1d82-3b4a-434c-8d22-311f379c5fae	Too Many Requests: Too many login attempts from this IP, please try again after a 60 second pause	POST	/	http://localhost:3000
20230412	21:02:37	5fce52f2-7f2b-4cfe-a7e4-22f034cb0ecc	Too Many Requests: Too many login attempts from this IP, please try again after a 60 second pause	POST	/	http://localhost:3000
20230412	21:02:37	f4d358ea-e0c9-4b8d-b293-31674a091436	Too Many Requests: Too many login attempts from this IP, please try again after a 60 second pause	POST	/	http://localhost:3000
20230412	21:02:37	f186216c-65e5-4f89-b465-cd3181167a10	Too Many Requests: Too many login attempts from this IP, please try again after a 60 second pause	POST	/	http://localhost:3000
20230412	21:02:37	e7354bcc-85fb-4aa6-bc83-e0f725e7d75e	Too Many Requests: Too many login attempts from this IP, please try again after a 60 second pause	POST	/	http://localhost:3000
20230412	21:02:37	89132504-c725-46be-9324-3ff45fcdca71	Too Many Requests: Too many login attempts from this IP, please try again after a 60 second pause	POST	/	http://localhost:3000
20230412	21:02:38	4edfb6ff-6f5c-4271-858f-32c04a1e9907	Too Many Requests: Too many login attempts from this IP, please try again after a 60 second pause	POST	/	http://localhost:3000
20230412	21:02:38	20a0d44d-2a5f-4bf4-8791-3bb49b403eaf	Too Many Requests: Too many login attempts from this IP, please try again after a 60 second pause	POST	/	http://localhost:3000
20230412	21:02:38	67324197-e199-446e-8a87-6b5cccfbde57	Too Many Requests: Too many login attempts from this IP, please try again after a 60 second pause	POST	/	http://localhost:3000
20230412	21:02:38	cb9e8059-0989-46f4-952f-9266260d23c1	Too Many Requests: Too many login attempts from this IP, please try again after a 60 second pause	POST	/	http://localhost:3000
20230413	04:52:24	2250481d-5659-44bb-a774-8a1f8d0a4ce9	Too Many Requests: Too many login attempts from this IP, please try again after a 60 second pause	POST	/	http://localhost:3000
20230413	04:52:24	9790fc22-da96-4aab-950b-c5a5b556f739	Too Many Requests: Too many login attempts from this IP, please try again after a 60 second pause	POST	/	http://localhost:3000
20230413	04:52:24	c8f3cd55-8e1d-4a54-aa39-3bd210d741b7	Too Many Requests: Too many login attempts from this IP, please try again after a 60 second pause	POST	/	http://localhost:3000
20230413	04:52:44	8cab75f4-af87-4232-9f68-8e79950cd85c	Too Many Requests: Too many login attempts from this IP, please try again after a 60 second pause	POST	/	http://localhost:3000
20230413	04:53:11	ce6e6f33-0890-45a2-8b0d-4ddc8c8c06ac	Too Many Requests: Too many login attempts from this IP, please try again after a 60 second pause	POST	/	http://localhost:3000
20230413	04:53:22	93857531-20ba-4dea-80e6-24969c437883	Too Many Requests: Too many login attempts from this IP, please try again after a 60 second pause	POST	/	http://localhost:3000
20230413	04:58:30	abd559d7-57a1-4823-96fa-60ad111dfbf7	Too Many Requests: Too many login attempts from this IP, please try again after a 60 second pause	POST	/	http://localhost:3000
20230507	00:12:35	9c55515b-7243-4057-8a14-079a8467664b	Too Many Requests: Too many login attempts from this IP, please try again after a 60 second pause	POST	/	http://localhost:3000
20230507	00:12:36	bc78eb50-4b10-4f26-a7f2-49fa04261cc3	Too Many Requests: Too many login attempts from this IP, please try again after a 60 second pause	POST	/	http://localhost:3000
20230507	00:12:47	2ef6cf29-d9ac-40a8-a399-01b111da998d	Too Many Requests: Too many login attempts from this IP, please try again after a 60 second pause	POST	/	http://localhost:3000
20230507	00:15:00	9e10eedb-b4d4-47f1-aee3-38cf650ab161	Too Many Requests: Too many login attempts from this IP, please try again after a 60 second pause	POST	/	http://localhost:3000
